<?xml version="1.0" encoding="UTF-8"?>
<testng-results skipped="0" failed="0" ignored="0" total="1" passed="1">
  <reporter-output>
  </reporter-output>
  <suite name="Default suite" duration-ms="50" started-at="2018-05-31T04:50:07Z" finished-at="2018-05-31T04:50:07Z">
    <groups>
    </groups>
    <test name="Default test" duration-ms="50" started-at="2018-05-31T04:50:07Z" finished-at="2018-05-31T04:50:07Z">
      <class name="demo">
        <test-method status="PASS" signature="beforeTest()[pri:0, instance:demo@1d057a39]" name="beforeTest" is-config="true" duration-ms="15" started-at="2018-05-31T04:50:07Z" finished-at="2018-05-31T04:50:07Z">
          <reporter-output>
          </reporter-output>
        </test-method> <!-- beforeTest -->
        <test-method status="PASS" signature="f()[pri:0, instance:demo@1d057a39]" name="f" duration-ms="4" started-at="2018-05-31T04:50:07Z" finished-at="2018-05-31T04:50:07Z">
          <reporter-output>
          </reporter-output>
        </test-method> <!-- f -->
        <test-method status="PASS" signature="afterTest()[pri:0, instance:demo@1d057a39]" name="afterTest" is-config="true" duration-ms="1" started-at="2018-05-31T04:50:07Z" finished-at="2018-05-31T04:50:07Z">
          <reporter-output>
          </reporter-output>
        </test-method> <!-- afterTest -->
      </class> <!-- demo -->
    </test> <!-- Default test -->
  </suite> <!-- Default suite -->
</testng-results>
